\BOOKMARK [1][-]{Doc-Start}{\376\377\000A\000b\000b\000r\000e\000v\000i\000a\000t\000i\000o\000n\000s}{}% 1
\BOOKMARK [0][-]{chapter.1}{\376\377\000I\000n\000t\000r\000o\000d\000u\000c\000t\000i\000o\000n}{}% 2
\BOOKMARK [1][-]{section.1.1}{\376\377\000P\000r\000o\000j\000e\000c\000t\000\040\000C\000o\000n\000t\000e\000x\000t}{chapter.1}% 3
\BOOKMARK [1][-]{section.1.2}{\376\377\000C\000o\000r\000e\000\040\000O\000b\000j\000e\000c\000t\000i\000v\000e\000s}{chapter.1}% 4
\BOOKMARK [1][-]{section.1.3}{\376\377\000O\000v\000e\000r\000v\000i\000e\000w}{chapter.1}% 5
\BOOKMARK [0][-]{chapter.2}{\376\377\000B\000a\000c\000k\000g\000r\000o\000u\000n\000d\000\040\000R\000e\000s\000e\000a\000r\000c\000h}{}% 6
\BOOKMARK [1][-]{section.2.1}{\376\377\000V\000P\000\040\000P\000i\000p\000e\000l\000i\000n\000e\000s\000\040\000\046\000\040\000I\000C\000V\000F\000X}{chapter.2}% 7
\BOOKMARK [1][-]{section.2.2}{\376\377\000A\000I\000\040\000i\000n\000\040\000V\000P}{chapter.2}% 8
\BOOKMARK [1][-]{section.2.3}{\376\377\000C\000a\000s\000e\000\040\000S\000t\000u\000d\000i\000e\000s\000\040\000a\000n\000d\000\040\000I\000n\000d\000u\000s\000t\000r\000y\000\040\000P\000r\000a\000c\000t\000i\000c\000e\000s}{chapter.2}% 9
\BOOKMARK [1][-]{section.2.4}{\376\377\000U\000n\000r\000e\000a\000l\000\040\000E\000n\000g\000i\000n\000e\000\040\000M\000o\000d\000u\000l\000e\000s\000\040\000a\000n\000d\000\040\000P\000l\000u\000g\000i\000n\000\040\000A\000r\000c\000h\000i\000t\000e\000c\000t\000u\000r\000e}{chapter.2}% 10
\BOOKMARK [1][-]{section.2.5}{\376\377\000N\000e\000u\000r\000a\000l\000\040\000N\000e\000t\000w\000o\000r\000k\000\040\000E\000n\000g\000i\000n\000e\000\040\000i\000n\000\040\000U\000E}{chapter.2}% 11
\BOOKMARK [2][-]{subsection.2.5.1}{\376\377\000N\000N\000E\000R\000u\000n\000t\000i\000m\000e\000O\000R\000T\000\040\000a\000n\000d\000\040\000I\000n\000-\000E\000n\000g\000i\000n\000e\000\040\000I\000n\000f\000e\000r\000e\000n\000c\000e}{section.2.5}% 12
\BOOKMARK [1][-]{section.2.6}{\376\377\000K\000n\000o\000w\000l\000e\000d\000g\000e\000\040\000T\000r\000a\000n\000s\000f\000e\000r\000\040\000a\000n\000d\000\040\000O\000E\000R\000\040\000i\000n\000\040\000V\000P\000\040\000W\000o\000r\000k\000f\000l\000o\000w\000s}{chapter.2}% 13
\BOOKMARK [0][-]{chapter.3}{\376\377\000R\000e\000q\000u\000i\000r\000e\000m\000e\000n\000t\000s\000\040\000E\000n\000g\000i\000n\000e\000e\000r\000i\000n\000g}{}% 14
\BOOKMARK [1][-]{section.3.1}{\376\377\000F\000e\000a\000s\000i\000b\000i\000l\000i\000t\000y\000\040\000S\000t\000u\000d\000y}{chapter.3}% 15
\BOOKMARK [2][-]{subsection.3.1.1}{\376\377\000T\000e\000c\000h\000n\000i\000c\000a\000l\000\040\000F\000e\000a\000s\000i\000b\000i\000l\000i\000t\000y}{section.3.1}% 16
\BOOKMARK [2][-]{subsection.3.1.2}{\376\377\000D\000e\000v\000i\000c\000e\000\040\000F\000e\000a\000s\000i\000b\000i\000l\000i\000t\000y}{section.3.1}% 17
\BOOKMARK [2][-]{subsection.3.1.3}{\376\377\000L\000e\000g\000a\000l\000\040\000F\000e\000a\000s\000i\000b\000i\000l\000i\000t\000y}{section.3.1}% 18
\BOOKMARK [1][-]{section.3.2}{\376\377\000R\000e\000q\000u\000i\000r\000e\000m\000e\000n\000t\000s\000\040\000E\000l\000i\000c\000i\000t\000a\000t\000i\000o\000n}{chapter.3}% 19
\BOOKMARK [1][-]{section.3.3}{\376\377\000R\000e\000q\000u\000i\000r\000e\000m\000e\000n\000t\000s\000\040\000S\000p\000e\000c\000i\000f\000i\000c\000a\000t\000i\000o\000n}{chapter.3}% 20
\BOOKMARK [1][-]{section.3.4}{\376\377\000V\000e\000r\000i\000f\000i\000c\000a\000t\000i\000o\000n}{chapter.3}% 21
\BOOKMARK [1][-]{section.3.5}{\376\377\000R\000e\000q\000u\000i\000r\000e\000m\000e\000n\000t\000\040\000R\000e\000f\000i\000n\000e\000m\000e\000n\000t}{chapter.3}% 22
\BOOKMARK [2][-]{subsection.3.5.1}{\376\377\000S\000R\000S\000\040\000v\0002\000.\0001}{section.3.5}% 23
\BOOKMARK [0][-]{chapter.4}{\376\377\000R\000e\000c\000o\000r\000d\000\040\000o\000f\000\040\000K\000e\000y\000\040\000I\000m\000p\000l\000e\000m\000e\000n\000t\000a\000t\000i\000o\000n\000\040\000D\000e\000c\000i\000s\000i\000o\000n\000s}{}% 24
\BOOKMARK [1][-]{section.4.1}{\376\377\000A\000g\000i\000l\000e\000\040\000D\000e\000v\000e\000l\000o\000p\000m\000e\000n\000t\000\040\000M\000e\000t\000h\000o\000d\000o\000l\000o\000g\000y}{chapter.4}% 25
\BOOKMARK [1][-]{section.4.2}{\376\377\000H\000a\000r\000d\000w\000a\000r\000e}{chapter.4}% 26
\BOOKMARK [1][-]{section.4.3}{\376\377\000O\000p\000e\000r\000a\000t\000i\000n\000g\000\040\000S\000y\000s\000t\000e\000m}{chapter.4}% 27
\BOOKMARK [1][-]{section.4.4}{\376\377\000S\000o\000f\000t\000w\000a\000r\000e}{chapter.4}% 28
\BOOKMARK [1][-]{section.4.5}{\376\377\000A\000s\000s\000e\000t\000\040\000a\000n\000d\000\040\000S\000c\000e\000n\000e\000\040\000I\000m\000p\000l\000e\000m\000e\000n\000t\000a\000t\000i\000o\000n\000\040\000S\000p\000e\000c\000i\000f\000i\000c\000a\000t\000i\000o\000n\000s}{chapter.4}% 29
\BOOKMARK [0][-]{chapter.5}{\376\377\000I\000m\000p\000l\000e\000m\000e\000n\000t\000a\000t\000i\000o\000n\000\040\000a\000n\000d\000\040\000D\000e\000v\000e\000l\000o\000p\000m\000e\000n\000t}{}% 30
\BOOKMARK [1][-]{section.5.1}{\376\377\000V\000i\000r\000t\000u\000a\000l\000\040\000S\000e\000t}{chapter.5}% 31
\BOOKMARK [2][-]{subsection.5.1.1}{\376\377\000K\000e\000y\000\040\000A\000s\000s\000e\000t\000s}{section.5.1}% 32
\BOOKMARK [2][-]{subsection.5.1.2}{\376\377\000V\000i\000r\000t\000u\000a\000l\000\040\000L\000i\000g\000h\000t\000i\000n\000g}{section.5.1}% 33
\BOOKMARK [1][-]{section.5.2}{\376\377\000V\000i\000r\000t\000u\000a\000l\000-\000P\000h\000y\000s\000i\000c\000a\000l\000\040\000S\000e\000t\000\040\000C\000a\000l\000i\000b\000r\000a\000t\000i\000o\000n\000\040\000S\000u\000p\000p\000o\000r\000t\000\040\000T\000o\000o\000l}{chapter.5}% 34
\BOOKMARK [2][-]{subsection.5.2.1}{\376\377\000D\000e\000s\000i\000g\000n\000\040\000O\000b\000j\000e\000c\000t\000i\000v\000e\000s}{section.5.2}% 35
\BOOKMARK [2][-]{subsection.5.2.2}{\376\377\000F\000u\000n\000c\000t\000i\000o\000n\000a\000l\000\040\000S\000c\000o\000p\000e\000\040\000a\000n\000d\000\040\000I\000m\000p\000l\000e\000m\000e\000n\000t\000a\000t\000i\000o\000n}{section.5.2}% 36
\BOOKMARK [2][-]{subsection.5.2.3}{\376\377\000M\000a\000j\000o\000r\000\040\000S\000y\000s\000t\000e\000m\000\040\000C\000o\000m\000p\000o\000n\000e\000n\000t\000s}{section.5.2}% 37
\BOOKMARK [2][-]{subsection.5.2.4}{\376\377\000S\000o\000u\000r\000c\000e\000\040\000C\000o\000d\000e\000\040\000H\000i\000e\000r\000a\000r\000c\000h\000y}{section.5.2}% 38
\BOOKMARK [1][-]{section.5.3}{\376\377\000O\000E\000R\000\040\000D\000e\000s\000i\000g\000n}{chapter.5}% 39
\BOOKMARK [0][-]{chapter.6}{\376\377\000T\000e\000s\000t\000i\000n\000g\000\040\000a\000n\000d\000\040\000V\000e\000r\000i\000f\000i\000c\000a\000t\000i\000o\000n}{}% 40
\BOOKMARK [1][-]{section.6.1}{\376\377\000V\000i\000r\000t\000u\000a\000l\000\040\000E\000n\000v\000i\000r\000o\000n\000m\000e\000n\000t\000\040\000T\000e\000s\000t\000i\000n\000g}{chapter.6}% 41
\BOOKMARK [1][-]{section.6.2}{\376\377\000U\000E\000\040\000P\000l\000u\000g\000i\000n\000\040\000T\000e\000s\000t\000i\000n\000g}{chapter.6}% 42
\BOOKMARK [1][-]{section.6.3}{\376\377\000V\000e\000r\000i\000f\000i\000c\000a\000t\000i\000o\000n}{chapter.6}% 43
\BOOKMARK [0][-]{chapter.7}{\376\377\000R\000e\000f\000l\000e\000c\000t\000i\000o\000n}{}% 44
\BOOKMARK [1][-]{section.7.1}{\376\377\000C\000h\000a\000l\000l\000e\000n\000g\000e\000s}{chapter.7}% 45
\BOOKMARK [2][-]{subsection.7.1.1}{\376\377\000R\000e\000q\000u\000i\000r\000e\000m\000e\000n\000t\000s\000\040\000M\000a\000n\000a\000g\000e\000m\000e\000n\000t\000\040\000I\000s\000s\000u\000e\000s}{section.7.1}% 46
\BOOKMARK [2][-]{subsection.7.1.2}{\376\377\000T\000e\000c\000h\000n\000i\000c\000a\000l\000\040\000I\000s\000s\000u\000e\000s}{section.7.1}% 47
\BOOKMARK [2][-]{subsection.7.1.3}{\376\377\000S\000p\000r\000i\000n\000t\000\040\000P\000l\000a\000n\000n\000i\000n\000g\000\040\000C\000h\000a\000l\000l\000e\000n\000g\000e\000s}{section.7.1}% 48
\BOOKMARK [2][-]{subsection.7.1.4}{\376\377\000T\000e\000a\000m\000\040\000C\000o\000l\000l\000a\000b\000o\000r\000a\000t\000i\000o\000n\000\040\000G\000a\000p\000s}{section.7.1}% 49
\BOOKMARK [2][-]{subsection.7.1.5}{\376\377\000T\000e\000s\000t\000i\000n\000g\000\040\000E\000n\000v\000i\000r\000o\000n\000m\000e\000n\000t\000\040\000a\000n\000d\000\040\000P\000r\000a\000c\000t\000i\000c\000a\000l\000\040\000E\000v\000a\000l\000u\000a\000t\000i\000o\000n\000\040\000I\000s\000s\000u\000e\000s}{section.7.1}% 50
\BOOKMARK [1][-]{section.7.2}{\376\377\000P\000r\000o\000j\000e\000c\000t\000\040\000T\000i\000m\000e\000\040\000P\000l\000a\000n}{chapter.7}% 51
\BOOKMARK [2][-]{subsection.7.2.1}{\376\377\000F\000i\000r\000s\000t\000\040\000C\000y\000c\000l\000e}{section.7.2}% 52
\BOOKMARK [2][-]{subsection.7.2.2}{\376\377\000S\000e\000c\000o\000n\000d\000\040\000C\000y\000c\000l\000e}{section.7.2}% 53
\BOOKMARK [2][-]{subsection.7.2.3}{\376\377\000F\000e\000e\000d\000b\000a\000c\000k}{section.7.2}% 54
\BOOKMARK [0][-]{chapter.8}{\376\377\000C\000o\000n\000c\000l\000u\000s\000i\000o\000n\000\040\000a\000n\000d\000\040\000R\000e\000c\000o\000m\000m\000e\000n\000d\000a\000t\000i\000o\000n\000s}{}% 55
\BOOKMARK [1][-]{section.8.1}{\376\377\000P\000r\000o\000j\000e\000c\000t\000\040\000S\000u\000m\000m\000a\000r\000y}{chapter.8}% 56
\BOOKMARK [1][-]{section.8.2}{\376\377\000S\000t\000r\000e\000n\000g\000t\000h\000s\000\040\000\046\000\040\000L\000i\000m\000i\000t\000a\000t\000i\000o\000n\000s}{chapter.8}% 57
\BOOKMARK [2][-]{subsection.8.2.1}{\376\377\000O\000n\000-\000s\000e\000t\000\040\000V\000P\000\040\000E\000x\000p\000e\000r\000i\000e\000n\000c\000e}{section.8.2}% 58
\BOOKMARK [2][-]{subsection.8.2.2}{\376\377\000F\000u\000t\000u\000r\000e\000\040\000W\000o\000r\000k}{section.8.2}% 59
\BOOKMARK [0][-]{appendix.A}{\376\377\000M\000i\000n\000u\000t\000e\000s}{}% 60
\BOOKMARK [0][-]{appendix.B}{\376\377\000S\000R\000S}{}% 61
\BOOKMARK [0][-]{appendix.C}{\376\377\000U\000s\000e\000r\000\040\000M\000a\000n\000u\000a\000l\000\040\000o\000f\000\040\000T\000h\000e\000\040\000D\000e\000v\000e\000l\000o\000p\000e\000d\000\040\000S\000y\000s\000t\000e\000m}{}% 62
\BOOKMARK [0][-]{appendix.D}{\376\377\000T\000e\000s\000t\000i\000n\000g\000\040\000S\000t\000r\000a\000t\000e\000g\000i\000e\000s\000\040\000o\000f\000\040\000T\000h\000e\000\040\000S\000y\000s\000t\000e\000m\000\040\000\050\000t\000e\000s\000t\000\040\000c\000a\000s\000e\000s\000,\000\040\000o\000u\000t\000c\000o\000m\000e\000s\000,\000\040\000e\000t\000c\000.\000\051}{}% 63
